d:\data structures 2\graph adjacency matrix\graph adjacency matrix\debug\graph adjacency matrix.pch
d:\data structures 2\graph adjacency matrix\graph adjacency matrix\debug\vc141.pdb
d:\data structures 2\graph adjacency matrix\graph adjacency matrix\debug\vc141.idb
d:\data structures 2\graph adjacency matrix\graph adjacency matrix\debug\stdafx.obj
d:\data structures 2\graph adjacency matrix\graph adjacency matrix\debug\global.obj
d:\data structures 2\graph adjacency matrix\graph adjacency matrix\debug\graph adjacency matrix.obj
d:\data structures 2\graph adjacency matrix\debug\graph adjacency matrix.ilk
d:\data structures 2\graph adjacency matrix\debug\graph adjacency matrix.exe
d:\data structures 2\graph adjacency matrix\debug\graph adjacency matrix.pdb
e:\data structures 2\graph adjacency matrix\graph adjacency matrix\debug\stdafx.obj
e:\data structures 2\graph adjacency matrix\graph adjacency matrix\debug\global.obj
e:\data structures 2\graph adjacency matrix\graph adjacency matrix\debug\graph adjacency matrix.obj
e:\data structures 2\graph adjacency matrix\graph adjacency matrix\debug\graph adjacency matrix.pch
e:\data structures 2\graph adjacency matrix\graph adjacency matrix\debug\vc141.idb
e:\data structures 2\graph adjacency matrix\graph adjacency matrix\debug\vc141.pdb
e:\data structures 2\graph adjacency matrix\debug\graph adjacency matrix.pdb
e:\data structures 2\graph adjacency matrix\debug\graph adjacency matrix.exe
e:\data structures 2\graph adjacency matrix\debug\graph adjacency matrix.ilk
e:\data structures 2\graph adjacency matrix\graph adjacency matrix\debug\graph ad.9aac3f35.tlog\cl.read.1.tlog
e:\data structures 2\graph adjacency matrix\graph adjacency matrix\debug\graph ad.9aac3f35.tlog\cl.write.1.tlog
e:\data structures 2\graph adjacency matrix\graph adjacency matrix\debug\graph ad.9aac3f35.tlog\cl.command.1.tlog
e:\data structures 2\graph adjacency matrix\graph adjacency matrix\debug\graph ad.9aac3f35.tlog\link.command.1.tlog
e:\data structures 2\graph adjacency matrix\graph adjacency matrix\debug\graph ad.9aac3f35.tlog\link.read.1.tlog
e:\data structures 2\graph adjacency matrix\graph adjacency matrix\debug\graph ad.9aac3f35.tlog\link.write.1.tlog
